<?xml version="1.0" encoding="UTF-8"?>
<!-- Generated by org.testng.reporters.JUnitReportReporter -->
<testsuite skipped="0" hostname="Manikandan" name="testcases.Testcase1" tests="1" failures="0" timestamp="2019-12-14T16:13:35 IST" time="47.392" errors="0">
  <testcase name="TestCase1" time="47.392" classname="testcases.Testcase1"/>
</testsuite> <!-- testcases.Testcase1 -->
